<?xml version="1.0" encoding="UTF-8"?>
<!-- Generated by org.testng.reporters.JUnitReportReporter -->
<testsuite hostname="Reshma-PC" failures="0" tests="1" name="com.crm.CreateProducts.CreateproductionbyexcelTest" time="28.602" errors="0" timestamp="2022-06-21T20:33:19 IST" skipped="0">
  <testcase classname="com.crm.CreateProducts.CreateproductionbyexcelTest" name="CreateProduct" time="28.602"/>
  <system-out/>
</testsuite> <!-- com.crm.CreateProducts.CreateproductionbyexcelTest -->
