<?xml version="1.0" encoding="UTF-8"?>
<!-- Generated by org.testng.reporters.JUnitReportReporter -->
<testsuite hostname="Reshma-PC" failures="0" tests="1" name="com.crm.CreateOrganization.ToCreateOrganizationTest" time="36.637" errors="0" timestamp="2022-06-21T20:33:19 IST" skipped="0">
  <testcase classname="com.crm.CreateOrganization.ToCreateOrganizationTest" name="CreateOrganization" time="36.637"/>
  <system-out/>
</testsuite> <!-- com.crm.CreateOrganization.ToCreateOrganizationTest -->
