<?xml version="1.0" encoding="UTF-8"?>
<!-- Generated by org.testng.reporters.JUnitReportReporter -->
<testsuite hostname="Reshma-PC" failures="0" tests="1" name="com.crm.CreateProducts.CreateProductionTest" time="125.853" errors="0" timestamp="2022-06-22T15:24:30 IST" skipped="0">
  <testcase classname="com.crm.CreateProducts.CreateProductionTest" name="CreateProduct" time="125.853"/>
  <system-out/>
</testsuite> <!-- com.crm.CreateProducts.CreateProductionTest -->
